Arguments: 
  /usr/local/bin/node /opt/yarn/bin/yarn.js run serve:dev

PATH: 
  /usr/local/sbin:/usr/local/bin:/usr/sbin:/usr/bin:/sbin:/bin

Yarn version: 
  1.3.2

Node version: 
  8.9.3

Platform: 
  linux x64

npm manifest: 
  {
    "name": "kst-lab-hancock-ms-dlt-adapter",
    "version": "0.1.0",
    "description": "DLT adapter to interact with DLT networks",
    "main": "index.js",
    "author": "Javier Moreno Molina <javier.moreno.molina@bbva.com",
    "license": "Copyright",
    "dependencies": {
      "async": "^2.6.0",
      "bignumber": "^1.1.0",
      "body-parser": "^1.15.2",
      "change-case": "^3.0.1",
      "compression": "^1.7.1",
      "cors": "^2.8.4",
      "errorhandler": "^1.5.0",
      "eth-sig-util": "latest",
      "ethereumjs-util": "latest",
      "express": "^4.16.2",
      "express-jsonschema": "^1.1.6",
      "genesis-lib-log": "^2.0.1",
      "gulp": "^3.9.1",
      "method-override": "^2.3.10",
      "mongodb": "^2.2.33",
      "request": "^2.83.0",
      "semaphore": "latest",
      "solc": "^0.4.18",
      "uuid": "^3.1.0",
      "web3": "^1.0.0-beta.26",
      "web3-provider-engine": "^13.3.3",
      "xtend": "latest"
    },
    "devDependencies": {
      "gulp-istanbul": "^1.1.1",
      "gulp-jasmine": "^2.4.2",
      "gulp-jshint": "^2.0.4",
      "gulp-nodemon": "^2.2.1",
      "gulp-raml2html": "^0.3.0",
      "gulp-sonar": "^3.0.0",
      "isparta": "^4.0.0",
      "jshint": "2.x"
    },
    "engines": {
      "node": ">=0.12.0"
    },
    "scripts": {
      "start": "node index.js"
    }
  }

yarn manifest: 
  No manifest

Lockfile: 
  No lockfile

Trace: 
  SyntaxError: Unknown token: { line: 2, col: 29, type: 'INVALID', value: undefined } 2:29 in /code/.yarnrc
      at Parser.unexpected (/opt/yarn/lib/cli.js:59676:11)
      at Parser.parse (/opt/yarn/lib/cli.js:59781:14)
      at Parser.parse (/opt/yarn/lib/cli.js:59761:28)
      at parse (/opt/yarn/lib/cli.js:59850:17)
      at module.exports.exports.default (/opt/yarn/lib/cli.js:59443:96)
      at /opt/yarn/lib/cli.js:86947:64
      at Generator.next (<anonymous>)
      at step (/opt/yarn/lib/cli.js:92:30)
      at /opt/yarn/lib/cli.js:103:13
      at <anonymous>
